<?xml version="1.0" encoding="UTF-8" ?>
<testsuite failures="0" time="73.3" errors="0" skipped="0" tests="3" name="org.cumulus4j.benchmark.test.IntegrationWithAppServerOnlyTest">
  <properties>
    <property name="java.runtime.name" value="Java(TM) SE Runtime Environment"/>
    <property name="sun.boot.library.path" value="/usr/lib/jvm/java-6-sun-1.6.0.20/jre/lib/amd64"/>
    <property name="java.vm.version" value="16.3-b01"/>
    <property name="java.vm.vendor" value="Sun Microsystems Inc."/>
    <property name="java.vendor.url" value="http://java.sun.com/"/>
    <property name="path.separator" value=":"/>
    <property name="java.vm.name" value="Java HotSpot(TM) 64-Bit Server VM"/>
    <property name="file.encoding.pkg" value="sun.io"/>
    <property name="user.country" value="US"/>
    <property name="sun.java.launcher" value="SUN_STANDARD"/>
    <property name="sun.os.patch.level" value="unknown"/>
    <property name="java.vm.specification.name" value="Java Virtual Machine Specification"/>
    <property name="user.dir" value="/home/jmortensen/workspaces/cumulus4j/org.cumulus4j.benchmark"/>
    <property name="java.runtime.version" value="1.6.0_20-b02"/>
    <property name="java.awt.graphicsenv" value="sun.awt.X11GraphicsEnvironment"/>
    <property name="basedir" value="/home/jmortensen/workspaces/cumulus4j/org.cumulus4j.benchmark"/>
    <property name="java.endorsed.dirs" value="/usr/lib/jvm/java-6-sun-1.6.0.20/jre/lib/endorsed"/>
    <property name="os.arch" value="amd64"/>
    <property name="surefire.real.class.path" value="/home/jmortensen/workspaces/cumulus4j/org.cumulus4j.benchmark/target/surefire/surefirebooter1483906875438620098.jar"/>
    <property name="java.io.tmpdir" value="/tmp"/>
    <property name="line.separator" value="
"/>
    <property name="java.vm.specification.vendor" value="Sun Microsystems Inc."/>
    <property name="os.name" value="Linux"/>
    <property name="sun.jnu.encoding" value="UTF-8"/>
    <property name="java.library.path" value="/usr/lib/jvm/java-6-sun-1.6.0.20/jre/lib/amd64/server:/usr/lib/jvm/java-6-sun-1.6.0.20/jre/lib/amd64:/usr/lib/jvm/java-6-sun-1.6.0.20/jre/../lib/amd64:/usr/java/packages/lib/amd64:/usr/lib64:/lib64:/lib:/usr/lib"/>
    <property name="surefire.test.class.path" value="/home/jmortensen/workspaces/cumulus4j/org.cumulus4j.benchmark/target/test-classes:/home/jmortensen/workspaces/cumulus4j/org.cumulus4j.benchmark/target/classes:/home/jmortensen/.m2/repository/javax/jdo/jdo-api/3.1-SNAPSHOT-20110319/jdo-api-3.1-SNAPSHOT-20110319.jar:/home/jmortensen/.m2/repository/javax/transaction/transaction-api/1.1/transaction-api-1.1.jar:/home/jmortensen/.m2/repository/com/sun/jersey/jersey-client/1.6/jersey-client-1.6.jar:/home/jmortensen/.m2/repository/com/sun/jersey/jersey-core/1.6/jersey-core-1.6.jar:/home/jmortensen/.m2/repository/com/sun/jersey/jersey-server/1.6/jersey-server-1.6.jar:/home/jmortensen/.m2/repository/asm/asm/3.1/asm-3.1.jar:/home/jmortensen/.m2/repository/org/datanucleus/datanucleus-rdbms/3.0.0-m6/datanucleus-rdbms-3.0.0-m6.jar:/home/jmortensen/.m2/repository/org/cumulus4j/org.cumulus4j.keymanager/1.0.0-SNAPSHOT/org.cumulus4j.keymanager-1.0.0-SNAPSHOT.jar:/home/jmortensen/.m2/repository/org/cumulus4j/org.cumulus4j.keymanager.back.shared/1.0.0-SNAPSHOT/org.cumulus4j.keymanager.back.shared-1.0.0-SNAPSHOT.jar:/home/jmortensen/.m2/repository/org/cumulus4j/org.cumulus4j.keystore/1.0.0-SNAPSHOT/org.cumulus4j.keystore-1.0.0-SNAPSHOT.jar:/home/jmortensen/.m2/repository/org/cumulus4j/org.cumulus4j.keymanager.api/1.0.0-SNAPSHOT/org.cumulus4j.keymanager.api-1.0.0-SNAPSHOT.jar:/home/jmortensen/.m2/repository/org/cumulus4j/org.cumulus4j.store/1.0.0-SNAPSHOT/org.cumulus4j.store-1.0.0-SNAPSHOT.jar:/home/jmortensen/.m2/repository/org/cumulus4j/org.cumulus4j.crypto/1.0.0-SNAPSHOT/org.cumulus4j.crypto-1.0.0-SNAPSHOT.jar:/home/jmortensen/.m2/repository/org/datanucleus/datanucleus-api-jdo/3.0.0-m6/datanucleus-api-jdo-3.0.0-m6.jar:/home/jmortensen/.m2/repository/org/datanucleus/datanucleus-core/3.0.0-m6/datanucleus-core-3.0.0-m6.jar:/home/jmortensen/.m2/repository/org/cumulus4j/org.cumulus4j.store.crypto.keymanager/1.0.0-SNAPSHOT/org.cumulus4j.store.crypto.keymanager-1.0.0-SNAPSHOT.jar:/home/jmortensen/.m2/repository/org/bouncycastle/bcprov-jdk16/1.47-SNAPSHOT/bcprov-jdk16-1.47-SNAPSHOT.jar:/home/jmortensen/.m2/repository/org/cumulus4j/org.cumulus4j.store.test/1.0.0-SNAPSHOT/org.cumulus4j.store.test-1.0.0-SNAPSHOT.jar:/home/jmortensen/.m2/repository/org/cumulus4j/org.cumulus4j.annotation/1.0.0-SNAPSHOT/org.cumulus4j.annotation-1.0.0-SNAPSHOT.jar:/home/jmortensen/.m2/repository/org/nightlabs/org.nightlabs.util/1.0.6/org.nightlabs.util-1.0.6.jar:/home/jmortensen/.m2/repository/org/nightlabs/org.nightlabs.progress/1.0.1/org.nightlabs.progress-1.0.1.jar:/home/jmortensen/.m2/repository/mysql/mysql-connector-java/5.1.6/mysql-connector-java-5.1.6.jar:/home/jmortensen/.m2/repository/org/apache/derby/derby/10.7.1.1/derby-10.7.1.1.jar:/home/jmortensen/.m2/repository/junit/junit/4.8.1/junit-4.8.1.jar:/home/jmortensen/.m2/repository/org/slf4j/slf4j-api/1.6.1/slf4j-api-1.6.1.jar:/home/jmortensen/.m2/repository/org/slf4j/slf4j-log4j12/1.6.1/slf4j-log4j12-1.6.1.jar:/home/jmortensen/.m2/repository/log4j/log4j/1.2.16/log4j-1.2.16.jar:"/>
    <property name="java.specification.name" value="Java Platform API Specification"/>
    <property name="java.class.version" value="50.0"/>
    <property name="sun.management.compiler" value="HotSpot 64-Bit Server Compiler"/>
    <property name="os.version" value="2.6.32-25-generic"/>
    <property name="user.home" value="/home/jmortensen"/>
    <property name="user.timezone" value="Europe/Berlin"/>
    <property name="java.awt.printerjob" value="sun.print.PSPrinterJob"/>
    <property name="file.encoding" value="UTF-8"/>
    <property name="java.specification.version" value="1.6"/>
    <property name="user.name" value="jmortensen"/>
    <property name="java.class.path" value="/home/jmortensen/workspaces/cumulus4j/org.cumulus4j.benchmark/target/test-classes:/home/jmortensen/workspaces/cumulus4j/org.cumulus4j.benchmark/target/classes:/home/jmortensen/.m2/repository/javax/jdo/jdo-api/3.1-SNAPSHOT-20110319/jdo-api-3.1-SNAPSHOT-20110319.jar:/home/jmortensen/.m2/repository/javax/transaction/transaction-api/1.1/transaction-api-1.1.jar:/home/jmortensen/.m2/repository/com/sun/jersey/jersey-client/1.6/jersey-client-1.6.jar:/home/jmortensen/.m2/repository/com/sun/jersey/jersey-core/1.6/jersey-core-1.6.jar:/home/jmortensen/.m2/repository/com/sun/jersey/jersey-server/1.6/jersey-server-1.6.jar:/home/jmortensen/.m2/repository/asm/asm/3.1/asm-3.1.jar:/home/jmortensen/.m2/repository/org/datanucleus/datanucleus-rdbms/3.0.0-m6/datanucleus-rdbms-3.0.0-m6.jar:/home/jmortensen/.m2/repository/org/cumulus4j/org.cumulus4j.keymanager/1.0.0-SNAPSHOT/org.cumulus4j.keymanager-1.0.0-SNAPSHOT.jar:/home/jmortensen/.m2/repository/org/cumulus4j/org.cumulus4j.keymanager.back.shared/1.0.0-SNAPSHOT/org.cumulus4j.keymanager.back.shared-1.0.0-SNAPSHOT.jar:/home/jmortensen/.m2/repository/org/cumulus4j/org.cumulus4j.keystore/1.0.0-SNAPSHOT/org.cumulus4j.keystore-1.0.0-SNAPSHOT.jar:/home/jmortensen/.m2/repository/org/cumulus4j/org.cumulus4j.keymanager.api/1.0.0-SNAPSHOT/org.cumulus4j.keymanager.api-1.0.0-SNAPSHOT.jar:/home/jmortensen/.m2/repository/org/cumulus4j/org.cumulus4j.store/1.0.0-SNAPSHOT/org.cumulus4j.store-1.0.0-SNAPSHOT.jar:/home/jmortensen/.m2/repository/org/cumulus4j/org.cumulus4j.crypto/1.0.0-SNAPSHOT/org.cumulus4j.crypto-1.0.0-SNAPSHOT.jar:/home/jmortensen/.m2/repository/org/datanucleus/datanucleus-api-jdo/3.0.0-m6/datanucleus-api-jdo-3.0.0-m6.jar:/home/jmortensen/.m2/repository/org/datanucleus/datanucleus-core/3.0.0-m6/datanucleus-core-3.0.0-m6.jar:/home/jmortensen/.m2/repository/org/cumulus4j/org.cumulus4j.store.crypto.keymanager/1.0.0-SNAPSHOT/org.cumulus4j.store.crypto.keymanager-1.0.0-SNAPSHOT.jar:/home/jmortensen/.m2/repository/org/bouncycastle/bcprov-jdk16/1.47-SNAPSHOT/bcprov-jdk16-1.47-SNAPSHOT.jar:/home/jmortensen/.m2/repository/org/cumulus4j/org.cumulus4j.store.test/1.0.0-SNAPSHOT/org.cumulus4j.store.test-1.0.0-SNAPSHOT.jar:/home/jmortensen/.m2/repository/org/cumulus4j/org.cumulus4j.annotation/1.0.0-SNAPSHOT/org.cumulus4j.annotation-1.0.0-SNAPSHOT.jar:/home/jmortensen/.m2/repository/org/nightlabs/org.nightlabs.util/1.0.6/org.nightlabs.util-1.0.6.jar:/home/jmortensen/.m2/repository/org/nightlabs/org.nightlabs.progress/1.0.1/org.nightlabs.progress-1.0.1.jar:/home/jmortensen/.m2/repository/mysql/mysql-connector-java/5.1.6/mysql-connector-java-5.1.6.jar:/home/jmortensen/.m2/repository/org/apache/derby/derby/10.7.1.1/derby-10.7.1.1.jar:/home/jmortensen/.m2/repository/junit/junit/4.8.1/junit-4.8.1.jar:/home/jmortensen/.m2/repository/org/slf4j/slf4j-api/1.6.1/slf4j-api-1.6.1.jar:/home/jmortensen/.m2/repository/org/slf4j/slf4j-log4j12/1.6.1/slf4j-log4j12-1.6.1.jar:/home/jmortensen/.m2/repository/log4j/log4j/1.2.16/log4j-1.2.16.jar:"/>
    <property name="java.vm.specification.version" value="1.0"/>
    <property name="sun.arch.data.model" value="64"/>
    <property name="java.home" value="/usr/lib/jvm/java-6-sun-1.6.0.20/jre"/>
    <property name="java.specification.vendor" value="Sun Microsystems Inc."/>
    <property name="user.language" value="en"/>
    <property name="java.vm.info" value="mixed mode"/>
    <property name="java.version" value="1.6.0_20"/>
    <property name="java.ext.dirs" value="/usr/lib/jvm/java-6-sun-1.6.0.20/jre/lib/ext:/usr/java/packages/lib/ext"/>
    <property name="sun.boot.class.path" value="/usr/lib/jvm/java-6-sun-1.6.0.20/jre/lib/resources.jar:/usr/lib/jvm/java-6-sun-1.6.0.20/jre/lib/rt.jar:/usr/lib/jvm/java-6-sun-1.6.0.20/jre/lib/sunrsasign.jar:/usr/lib/jvm/java-6-sun-1.6.0.20/jre/lib/jsse.jar:/usr/lib/jvm/java-6-sun-1.6.0.20/jre/lib/jce.jar:/usr/lib/jvm/java-6-sun-1.6.0.20/jre/lib/charsets.jar:/usr/lib/jvm/java-6-sun-1.6.0.20/jre/classes"/>
    <property name="java.vendor" value="Sun Microsystems Inc."/>
    <property name="localRepository" value="/home/jmortensen/.m2/repository"/>
    <property name="file.separator" value="/"/>
    <property name="java.vendor.url.bug" value="http://java.sun.com/cgi-bin/bugreport.cgi"/>
    <property name="sun.cpu.endian" value="little"/>
    <property name="sun.io.unicode.encoding" value="UnicodeLittle"/>
    <property name="sun.cpu.isalist" value=""/>
  </properties>
  <testcase time="21.256" classname="org.cumulus4j.benchmark.test.IntegrationWithAppServerOnlyTest" name="testTwoComputerScenarioLowLevel"/>
  <testcase time="6.918" classname="org.cumulus4j.benchmark.test.IntegrationWithAppServerOnlyTest" name="testTwoComputerScenarioWithUnifiedAPI"/>
  <testcase time="45.083" classname="org.cumulus4j.benchmark.test.IntegrationWithAppServerOnlyTest" name="testUnifiedAPIWithLocalKeyStoreThoroughly"/>
</testsuite>